TN:
SF:src/App.js
FNF:0
FNH:0
DA:1,1
DA:2,1
DA:3,1
DA:4,1
DA:5,1
DA:6,1
DA:7,1
DA:8,1
DA:9,1
DA:10,1
DA:11,1
DA:12,1
DA:13,1
DA:14,1
LF:14
LH:14
BRF:0
BRH:0
end_of_record
TN:
SF:src/databse/userDb.js
FNF:0
FNH:0
DA:1,1
DA:2,1
DA:3,1
DA:4,1
LF:4
LH:4
BRF:0
BRH:0
end_of_record
TN:
SF:src/todos/routes.js
FN:7,verifyIfUsernameExist
FNF:1
FNH:1
FNDA:14,verifyIfUsernameExist
DA:1,1
DA:2,1
DA:3,1
DA:4,1
DA:5,1
DA:6,1
DA:7,14
DA:8,14
DA:9,14
DA:10,14
DA:11,14
DA:12,14
DA:13,1
DA:14,1
DA:15,13
DA:16,13
DA:17,13
DA:18,13
DA:19,13
DA:20,14
DA:21,1
DA:22,1
DA:23,14
DA:24,14
DA:25,1
DA:26,1
DA:27,1
DA:28,1
DA:29,1
DA:30,1
DA:31,1
DA:32,0
DA:33,0
DA:34,1
DA:35,1
DA:36,1
DA:37,1
DA:38,6
DA:39,6
DA:40,6
DA:41,6
DA:42,6
DA:43,1
DA:44,1
DA:45,1
DA:46,6
DA:47,6
DA:48,6
DA:49,6
DA:50,6
DA:51,6
DA:52,6
DA:53,6
DA:54,6
DA:55,6
DA:56,6
DA:57,6
DA:58,6
DA:59,6
DA:60,1
DA:61,1
DA:62,6
DA:63,1
DA:64,1
DA:65,2
DA:66,2
DA:67,2
DA:68,2
DA:69,2
DA:70,2
DA:71,2
DA:72,2
DA:73,2
DA:74,1
DA:75,1
DA:76,1
DA:77,1
DA:78,1
DA:79,1
DA:80,1
DA:81,1
DA:82,1
DA:83,1
DA:84,1
DA:85,1
DA:86,2
DA:87,1
DA:88,1
DA:89,2
DA:90,2
DA:91,2
DA:92,2
DA:93,2
DA:94,2
DA:95,1
DA:96,1
DA:97,1
DA:98,1
DA:99,1
DA:100,1
DA:101,1
DA:102,1
DA:103,1
DA:104,1
DA:105,1
DA:106,2
DA:107,2
DA:108,1
DA:109,1
DA:110,2
DA:111,2
DA:112,2
DA:113,2
DA:114,2
DA:115,2
DA:116,2
DA:117,1
DA:118,1
DA:119,1
DA:120,1
DA:121,1
DA:122,1
DA:123,1
DA:124,1
DA:125,1
DA:126,1
DA:127,2
DA:128,1
DA:129,1
LF:129
LH:127
BRDA:7,0,0,14
BRDA:12,1,0,1
BRDA:15,2,0,13
BRDA:20,3,0,1
BRDA:10,4,0,65
BRDA:26,5,0,1
BRDA:31,6,0,0
BRDA:37,7,0,6
BRDA:42,8,0,5
BRDA:42,9,0,1
BRDA:59,10,0,1
BRDA:64,11,0,2
BRDA:73,12,0,1
BRDA:71,13,0,1
BRDA:88,14,0,2
BRDA:94,15,0,1
BRDA:92,16,0,1
BRDA:109,17,0,2
BRDA:116,18,0,1
BRDA:114,19,0,1
BRF:20
BRH:19
end_of_record
TN:
SF:src/user/routes.js
FNF:0
FNH:0
DA:1,1
DA:2,1
DA:3,1
DA:4,1
DA:5,1
DA:6,1
DA:7,1
DA:8,1
DA:9,12
DA:10,12
DA:11,12
DA:12,12
DA:13,1
DA:14,1
DA:15,12
DA:16,12
DA:17,12
DA:18,12
DA:19,1
DA:20,1
DA:21,10
DA:22,10
DA:23,10
DA:24,10
DA:25,10
DA:26,10
DA:27,12
DA:28,2
DA:29,2
DA:30,12
DA:31,12
DA:32,1
DA:33,1
LF:33
LH:33
BRDA:8,0,0,12
BRDA:12,1,0,11
BRDA:12,2,0,1
BRDA:18,3,0,10
BRDA:18,4,0,1
BRDA:27,5,0,2
BRDA:16,6,0,37
BRF:7
BRH:7
end_of_record
TN:
SF:src/user/userModel.js
FN:5,User
FNF:1
FNH:1
FNDA:10,User
DA:1,1
DA:2,1
DA:3,1
DA:4,1
DA:5,1
DA:6,10
DA:7,10
DA:8,10
DA:9,10
DA:10,10
DA:11,10
DA:12,10
DA:13,10
DA:14,1
DA:15,1
LF:15
LH:15
BRDA:5,0,0,10
BRF:1
BRH:1
end_of_record
